# JRE version: OpenJDK Runtime Environment (15.0.1+9) (build 15.0.1+9-18)
# Java VM: OpenJDK 64-Bit Server VM (15.0.1+9-18, mixed mode, tiered, compressed oops, g1 gc, windows-amd64)
GC Precious Log:
 CPUs: 4 total, 4 available
 Memory: 1931M
 Large Page Support: Disabled
 NUMA Support: Disabled
 Compressed Oops: Enabled (32-bit)
 Heap Region Size: 1M
 Heap Min Capacity: 8M
 Heap Initial Capacity: 32M
 Heap Max Capacity: 484M
 Pre-touch: Disabled
 Parallel Workers: 4
 Concurrent Workers: 1
 Concurrent Refinement Workers: 4
 Periodic GC: Disabled
Heap:
 garbage-first heap   total 58368K, used 16454K [0x00000000e1c00000, 0x0000000100000000)
  region size 1024K, 1 young (1024K), 1 survivors (1024K)
 Metaspace       used 37806K, capacity 38344K, committed 38528K, reserved 1083392K
  class space    used 4719K, capacity 4909K, committed 4992K, reserved 1048576K
GC Heap History (20 events):
Event: 4.223 GC heap after
{Heap after GC invocations=7 (full 0):
 garbage-first heap   total 32768K, used 8989K [0x00000000e1c00000, 0x0000000100000000)
  region size 1024K, 2 young (2048K), 2 survivors (2048K)
 Metaspace       used 19534K, capacity 19929K, committed 19968K, reserved 1067008K
  class space    used 2166K, capacity 2270K, committed 2304K, reserved 1048576K
}
Event: 4.393 GC heap before
{Heap before GC invocations=7 (full 0):
 garbage-first heap   total 32768K, used 12061K [0x00000000e1c00000, 0x0000000100000000)
  region size 1024K, 7 young (7168K), 2 survivors (2048K)
 Metaspace       used 20754K, capacity 21148K, committed 21248K, reserved 1069056K
  class space    used 2333K, capacity 2463K, committed 2560K, reserved 1048576K
}
Event: 4.402 GC heap after
{Heap after GC invocations=8 (full 0):
 garbage-first heap   total 32768K, used 9371K [0x00000000e1c00000, 0x0000000100000000)
  region size 1024K, 1 young (1024K), 1 survivors (1024K)
 Metaspace       used 20754K, capacity 21148K, committed 21248K, reserved 1069056K
  class space    used 2333K, capacity 2463K, committed 2560K, reserved 1048576K
}
Event: 4.941 GC heap before
{Heap before GC invocations=9 (full 0):
 garbage-first heap   total 32768K, used 23707K [0x00000000e1c00000, 0x0000000100000000)
  region size 1024K, 15 young (15360K), 1 survivors (1024K)
 Metaspace       used 23864K, capacity 24282K, committed 24576K, reserved 1071104K
  class space    used 2835K, capacity 2948K, committed 3072K, reserved 1048576K
}
Event: 4.951 GC heap after
{Heap after GC invocations=10 (full 0):
 garbage-first heap   total 39936K, used 10196K [0x00000000e1c00000, 0x0000000100000000)
  region size 1024K, 2 young (2048K), 2 survivors (2048K)
 Metaspace       used 23864K, capacity 24282K, committed 24576K, reserved 1071104K
  class space    used 2835K, capacity 2948K, committed 3072K, reserved 1048576K
}
Event: 5.799 GC heap before
{Heap before GC invocations=11 (full 0):
 garbage-first heap   total 39936K, used 29652K [0x00000000e1c00000, 0x0000000100000000)
  region size 1024K, 21 young (21504K), 2 survivors (2048K)
 Metaspace       used 27670K, capacity 28051K, committed 28288K, reserved 1075200K
  class space    used 3291K, capacity 3412K, committed 3456K, reserved 1048576K
}
Event: 5.808 GC heap after
{Heap after GC invocations=12 (full 0):
 garbage-first heap   total 39936K, used 11121K [0x00000000e1c00000, 0x0000000100000000)
  region size 1024K, 3 young (3072K), 3 survivors (3072K)
 Metaspace       used 27670K, capacity 28051K, committed 28288K, reserved 1075200K
  class space    used 3291K, capacity 3412K, committed 3456K, reserved 1048576K
}
Event: 5.997 GC heap before
{Heap before GC invocations=12 (full 0):
 garbage-first heap   total 39936K, used 28529K [0x00000000e1c00000, 0x0000000100000000)
  region size 1024K, 21 young (21504K), 3 survivors (3072K)
 Metaspace       used 28826K, capacity 29301K, committed 29440K, reserved 1075200K
  class space    used 3451K, capacity 3574K, committed 3584K, reserved 1048576K
}
Event: 6.009 GC heap after
{Heap after GC invocations=13 (full 0):
 garbage-first heap   total 39936K, used 11682K [0x00000000e1c00000, 0x0000000100000000)
  region size 1024K, 2 young (2048K), 2 survivors (2048K)
 Metaspace       used 28826K, capacity 29301K, committed 29440K, reserved 1075200K
  class space    used 3451K, capacity 3574K, committed 3584K, reserved 1048576K
}
Event: 6.016 GC heap before
{Heap before GC invocations=13 (full 0):
 garbage-first heap   total 39936K, used 29090K [0x00000000e1c00000, 0x0000000100000000)
  region size 1024K, 20 young (20480K), 2 survivors (2048K)
 Metaspace       used 28869K, capacity 29365K, committed 29440K, reserved 1075200K
  class space    used 3454K, capacity 3574K, committed 3584K, reserved 1048576K
}
Event: 6.023 GC heap after
{Heap after GC invocations=14 (full 0):
 garbage-first heap   total 39936K, used 11588K [0x00000000e1c00000, 0x0000000100000000)
  region size 1024K, 2 young (2048K), 2 survivors (2048K)
 Metaspace       used 28869K, capacity 29365K, committed 29440K, reserved 1075200K
  class space    used 3454K, capacity 3574K, committed 3584K, reserved 1048576K
}
Event: 6.855 GC heap before
{Heap before GC invocations=14 (full 0):
 garbage-first heap   total 39936K, used 30020K [0x00000000e1c00000, 0x0000000100000000)
  region size 1024K, 21 young (21504K), 2 survivors (2048K)
 Metaspace       used 30395K, capacity 30848K, committed 30976K, reserved 1077248K
  class space    used 3669K, capacity 3814K, committed 3840K, reserved 1048576K
}
Event: 6.864 GC heap after
{Heap after GC invocations=15 (full 0):
 garbage-first heap   total 48128K, used 12380K [0x00000000e1c00000, 0x0000000100000000)
  region size 1024K, 3 young (3072K), 3 survivors (3072K)
 Metaspace       used 30395K, capacity 30848K, committed 30976K, reserved 1077248K
  class space    used 3669K, capacity 3814K, committed 3840K, reserved 1048576K
}
Event: 8.104 GC heap before
{Heap before GC invocations=15 (full 0):
 garbage-first heap   total 48128K, used 36956K [0x00000000e1c00000, 0x0000000100000000)
  region size 1024K, 27 young (27648K), 3 survivors (3072K)
 Metaspace       used 32674K, capacity 33201K, committed 33408K, reserved 1079296K
  class space    used 3999K, capacity 4186K, committed 4224K, reserved 1048576K
}
Event: 8.117 GC heap after
{Heap after GC invocations=16 (full 0):
 garbage-first heap   total 48128K, used 13344K [0x00000000e1c00000, 0x0000000100000000)
  region size 1024K, 3 young (3072K), 3 survivors (3072K)
 Metaspace       used 32674K, capacity 33201K, committed 33408K, reserved 1079296K
  class space    used 3999K, capacity 4186K, committed 4224K, reserved 1048576K
}
Event: 9.270 GC heap before
{Heap before GC invocations=16 (full 0):
 garbage-first heap   total 48128K, used 36896K [0x00000000e1c00000, 0x0000000100000000)
  region size 1024K, 26 young (26624K), 3 survivors (3072K)
 Metaspace       used 36109K, capacity 36613K, committed 36736K, reserved 1081344K
  class space    used 4518K, capacity 4716K, committed 4736K, reserved 1048576K
}
Event: 9.284 GC heap after
{Heap after GC invocations=17 (full 0):
 garbage-first heap   total 48128K, used 15633K [0x00000000e1c00000, 0x0000000100000000)
  region size 1024K, 4 young (4096K), 4 survivors (4096K)
 Metaspace       used 36109K, capacity 36613K, committed 36736K, reserved 1081344K
  class space    used 4518K, capacity 4716K, committed 4736K, reserved 1048576K
}
Event: 9.650 GC heap before
{Heap before GC invocations=17 (full 0):
 garbage-first heap   total 48128K, used 36113K [0x00000000e1c00000, 0x0000000100000000)
  region size 1024K, 25 young (25600K), 4 survivors (4096K)
 Metaspace       used 37806K, capacity 38344K, committed 38528K, reserved 1083392K
  class space    used 4719K, capacity 4909K, committed 4992K, reserved 1048576K
}
Event: 9.666 GC heap after
{Heap after GC invocations=18 (full 0):
 garbage-first heap   total 48128K, used 16610K [0x00000000e1c00000, 0x0000000100000000)
  region size 1024K, 2 young (2048K), 2 survivors (2048K)
 Metaspace       used 37806K, capacity 38344K, committed 38528K, reserved 1083392K
  class space    used 4719K, capacity 4909K, committed 4992K, reserved 1048576K
}
Event: 9.674 GC heap before
{Heap before GC invocations=18 (full 0):
 garbage-first heap   total 48128K, used 36066K [0x00000000e1c00000, 0x0000000100000000)
  region size 1024K, 22 young (22528K), 2 survivors (2048K)
 Metaspace       used 37806K, capacity 38344K, committed 38528K, reserved 1083392K
  class space    used 4719K, capacity 4909K, committed 4992K, reserved 1048576K
}

