# JRE version: OpenJDK Runtime Environment (15.0.1+9) (build 15.0.1+9-18)
# Java VM: OpenJDK 64-Bit Server VM (15.0.1+9-18, mixed mode, tiered, compressed oops, g1 gc, windows-amd64)
GC Precious Log:
 CPUs: 4 total, 4 available
 Memory: 1931M
 Large Page Support: Disabled
 NUMA Support: Disabled
 Compressed Oops: Enabled (32-bit)
 Heap Region Size: 1M
 Heap Min Capacity: 8M
 Heap Initial Capacity: 32M
 Heap Max Capacity: 484M
 Pre-touch: Disabled
 Parallel Workers: 4
 Concurrent Workers: 1
 Concurrent Refinement Workers: 4
 Periodic GC: Disabled
Heap:
 garbage-first heap   total 46080K, used 11511K [0x00000000e1c00000, 0x0000000100000000)
  region size 1024K, 1 young (1024K), 1 survivors (1024K)
 Metaspace       used 28074K, capacity 28565K, committed 28796K, reserved 1075200K
  class space    used 3343K, capacity 3478K, committed 3532K, reserved 1048576K
GC Heap History (20 events):
Event: 2.315 GC heap after
{Heap after GC invocations=2 (full 0):
 garbage-first heap   total 32768K, used 7631K [0x00000000e1c00000, 0x0000000100000000)
  region size 1024K, 2 young (2048K), 2 survivors (2048K)
 Metaspace       used 15606K, capacity 15866K, committed 16128K, reserved 1062912K
  class space    used 1628K, capacity 1708K, committed 1792K, reserved 1048576K
}
Event: 2.452 GC heap before
{Heap before GC invocations=2 (full 0):
 garbage-first heap   total 32768K, used 14799K [0x00000000e1c00000, 0x0000000100000000)
  region size 1024K, 10 young (10240K), 2 survivors (2048K)
 Metaspace       used 15987K, capacity 16218K, committed 16384K, reserved 1064960K
  class space    used 1673K, capacity 1740K, committed 1792K, reserved 1048576K
}
Event: 2.460 GC heap after
{Heap after GC invocations=3 (full 0):
 garbage-first heap   total 32768K, used 7882K [0x00000000e1c00000, 0x0000000100000000)
  region size 1024K, 1 young (1024K), 1 survivors (1024K)
 Metaspace       used 15987K, capacity 16218K, committed 16384K, reserved 1064960K
  class space    used 1673K, capacity 1740K, committed 1792K, reserved 1048576K
}
Event: 2.466 GC heap before
{Heap before GC invocations=3 (full 0):
 garbage-first heap   total 32768K, used 17098K [0x00000000e1c00000, 0x0000000100000000)
  region size 1024K, 11 young (11264K), 1 survivors (1024K)
 Metaspace       used 15987K, capacity 16218K, committed 16384K, reserved 1064960K
  class space    used 1673K, capacity 1740K, committed 1792K, reserved 1048576K
}
Event: 2.467 GC heap after
{Heap after GC invocations=4 (full 0):
 garbage-first heap   total 32768K, used 7866K [0x00000000e1c00000, 0x0000000100000000)
  region size 1024K, 1 young (1024K), 1 survivors (1024K)
 Metaspace       used 15987K, capacity 16218K, committed 16384K, reserved 1064960K
  class space    used 1673K, capacity 1740K, committed 1792K, reserved 1048576K
}
Event: 2.472 GC heap before
{Heap before GC invocations=4 (full 0):
 garbage-first heap   total 32768K, used 18106K [0x00000000e1c00000, 0x0000000100000000)
  region size 1024K, 12 young (12288K), 1 survivors (1024K)
 Metaspace       used 15987K, capacity 16218K, committed 16384K, reserved 1064960K
  class space    used 1673K, capacity 1740K, committed 1792K, reserved 1048576K
}
Event: 2.473 GC heap after
{Heap after GC invocations=5 (full 0):
 garbage-first heap   total 32768K, used 7850K [0x00000000e1c00000, 0x0000000100000000)
  region size 1024K, 1 young (1024K), 1 survivors (1024K)
 Metaspace       used 15987K, capacity 16218K, committed 16384K, reserved 1064960K
  class space    used 1673K, capacity 1740K, committed 1792K, reserved 1048576K
}
Event: 2.513 GC heap before
{Heap before GC invocations=5 (full 0):
 garbage-first heap   total 32768K, used 19114K [0x00000000e1c00000, 0x0000000100000000)
  region size 1024K, 13 young (13312K), 1 survivors (1024K)
 Metaspace       used 16030K, capacity 16381K, committed 16640K, reserved 1064960K
  class space    used 1681K, capacity 1773K, committed 1792K, reserved 1048576K
}
Event: 2.515 GC heap after
{Heap after GC invocations=6 (full 0):
 garbage-first heap   total 32768K, used 7698K [0x00000000e1c00000, 0x0000000100000000)
  region size 1024K, 1 young (1024K), 1 survivors (1024K)
 Metaspace       used 16030K, capacity 16381K, committed 16640K, reserved 1064960K
  class space    used 1681K, capacity 1773K, committed 1792K, reserved 1048576K
}
Event: 3.609 GC heap before
{Heap before GC invocations=6 (full 0):
 garbage-first heap   total 32768K, used 19986K [0x00000000e1c00000, 0x0000000100000000)
  region size 1024K, 14 young (14336K), 1 survivors (1024K)
 Metaspace       used 19274K, capacity 19696K, committed 19968K, reserved 1067008K
  class space    used 2118K, capacity 2235K, committed 2304K, reserved 1048576K
}
Event: 3.615 GC heap after
{Heap after GC invocations=7 (full 0):
 garbage-first heap   total 32768K, used 8969K [0x00000000e1c00000, 0x0000000100000000)
  region size 1024K, 2 young (2048K), 2 survivors (2048K)
 Metaspace       used 19274K, capacity 19696K, committed 19968K, reserved 1067008K
  class space    used 2118K, capacity 2235K, committed 2304K, reserved 1048576K
}
Event: 3.922 GC heap before
{Heap before GC invocations=7 (full 0):
 garbage-first heap   total 32768K, used 14089K [0x00000000e1c00000, 0x0000000100000000)
  region size 1024K, 9 young (9216K), 2 survivors (2048K)
 Metaspace       used 20905K, capacity 21244K, committed 21296K, reserved 1069056K
  class space    used 2343K, capacity 2431K, committed 2432K, reserved 1048576K
}
Event: 3.931 GC heap after
{Heap after GC invocations=8 (full 0):
 garbage-first heap   total 39936K, used 9537K [0x00000000e1c00000, 0x0000000100000000)
  region size 1024K, 1 young (1024K), 1 survivors (1024K)
 Metaspace       used 20905K, capacity 21244K, committed 21296K, reserved 1069056K
  class space    used 2343K, capacity 2431K, committed 2432K, reserved 1048576K
}
Event: 4.539 GC heap before
{Heap before GC invocations=9 (full 0):
 garbage-first heap   total 37888K, used 26945K [0x00000000e1c00000, 0x0000000100000000)
  region size 1024K, 19 young (19456K), 1 survivors (1024K)
 Metaspace       used 24595K, capacity 24986K, committed 25340K, reserved 1071104K
  class space    used 2968K, capacity 3076K, committed 3148K, reserved 1048576K
}
Event: 4.546 GC heap after
{Heap after GC invocations=10 (full 0):
 garbage-first heap   total 37888K, used 10549K [0x00000000e1c00000, 0x0000000100000000)
  region size 1024K, 2 young (2048K), 2 survivors (2048K)
 Metaspace       used 24595K, capacity 24986K, committed 25340K, reserved 1071104K
  class space    used 2968K, capacity 3076K, committed 3148K, reserved 1048576K
}
Event: 5.052 GC heap before
{Heap before GC invocations=10 (full 0):
 garbage-first heap   total 37888K, used 26933K [0x00000000e1c00000, 0x0000000100000000)
  region size 1024K, 19 young (19456K), 2 survivors (2048K)
 Metaspace       used 28027K, capacity 28469K, committed 28796K, reserved 1075200K
  class space    used 3332K, capacity 3446K, committed 3532K, reserved 1048576K
}
Event: 5.060 GC heap after
{Heap after GC invocations=11 (full 0):
 garbage-first heap   total 37888K, used 11571K [0x00000000e1c00000, 0x0000000100000000)
  region size 1024K, 3 young (3072K), 3 survivors (3072K)
 Metaspace       used 28027K, capacity 28469K, committed 28796K, reserved 1075200K
  class space    used 3332K, capacity 3446K, committed 3532K, reserved 1048576K
}
Event: 5.066 GC heap before
{Heap before GC invocations=11 (full 0):
 garbage-first heap   total 37888K, used 26931K [0x00000000e1c00000, 0x0000000100000000)
  region size 1024K, 19 young (19456K), 3 survivors (3072K)
 Metaspace       used 28052K, capacity 28469K, committed 28796K, reserved 1075200K
  class space    used 3337K, capacity 3446K, committed 3532K, reserved 1048576K
}
Event: 5.073 GC heap after
{Heap after GC invocations=12 (full 0):
 garbage-first heap   total 37888K, used 11520K [0x00000000e1c00000, 0x0000000100000000)
  region size 1024K, 1 young (1024K), 1 survivors (1024K)
 Metaspace       used 28052K, capacity 28469K, committed 28796K, reserved 1075200K
  class space    used 3337K, capacity 3446K, committed 3532K, reserved 1048576K
}
Event: 5.078 GC heap before
{Heap before GC invocations=12 (full 0):
 garbage-first heap   total 37888K, used 27904K [0x00000000e1c00000, 0x0000000100000000)
  region size 1024K, 18 young (18432K), 1 survivors (1024K)
 Metaspace       used 28074K, capacity 28565K, committed 28796K, reserved 1075200K
  class space    used 3343K, capacity 3478K, committed 3532K, reserved 1048576K
}

